13:14:58.752 INFO  Extracting content fromhttps://callmeduy.com 
13:15:31.845 INFO  Extracting content from https://callmeduy.com 
13:16:26.166 INFO  Extracting content from https://callmeduy.com 
13:16:50.757 INFO  Extracting content from https://callmeduy.com 
13:17:56.595 INFO  Extracting content from https://callmeduy.com 
13:20:09.470 INFO  Extracting content from https://callmeduy.com 
13:20:34.967 INFO  Extracting content from https://callmeduy.com 
13:21:08.480 INFO  Extracting content from https://callmeduy.com 
13:23:35.410 INFO  Extracting content from https://callmeduy.com 
13:24:22.636 INFO  Extracting content from https://callmeduy.com 
13:25:06.902 INFO  Extracting content from https://callmeduy.com 
13:25:56.449 INFO  Extracting content from https://vnexpress.net 
13:26:08.851 INFO  Extracting content from https://vnexpress.net 
13:27:42.818 INFO  Extracting content from https://24h.vn 
13:28:18.425 INFO  Extracting content from https://24h.vn 
13:28:30.103 INFO  Extracting content from https://24h.vn 
13:28:33.478 ERROR    error:RequestError: Error [ERR_TLS_CERT_ALTNAME_INVALID]: Hostname/IP does not match certificate's altnames: Host: 24h.vn. is not in the cert's altnames: DNS:*.24h.com.vn, DNS:24h.com.vn, DNS:ads.cms2017.24h.com.vn, DNS:article.cms2017.24h.com.vn, DNS:cate.cms2017.24h.com.vn, DNS:log.cms2017.24h.com.vn, DNS:pr.cms2017.24h.com.vn, DNS:seo.cms2017.24h.com.vn, DNS:statistic.cms2017.24h.com.vn, DNS:topic.cms2017.24h.com.vn, DNS:uploadimg.cms2017.24h.com.vn, DNS:uploadvideo.cms2017.24h.com.vn, DNS:user.cms2017.24h.com.vn, DNS:beta.ipad.24h.com.vn, DNS:beta.m.24h.com.vn, DNS:cron.m.24h.com.vn, DNS:dfp.ipad.24h.com.vn, DNS:dfp.m.24h.com.vn, DNS:kpt.ipad.24h.com.vn, DNS:kpt.m.24h.com.vn, DNS:mst.livescore.24h.com.vn, DNS:test.ipad.24h.com.vn, DNS:test.livescore.24h.com.vn, DNS:test.m.24h.com.vn, DNS:test.mst.24h.com.vn, DNS:us.ipad.24h.com.vn, DNS:us.m.24h.com.vn, DNS:us1.ipad.24h.com.vn, DNS:us1.m.24h.com.vn, DNS:us2.ipad.24h.com.vn, DNS:us2.m.24h.com.vn, DNS:www.ipad.24h.com.vn, DNS:www.m.24h.com.vn, DNS:mst.ketquaxoso.24h.com.vn, DNS:www.livescore.24h.com.vn, DNS:www1.livescore.24h.com.vn, DNS:www2.livescore.24h.com.vn, DNS:m.ketquaxoso.24h.com.vn, DNS:www.ketquaxoso.24h.com.vn 
13:31:00.603 INFO  Extracting content from https://24h.vn 
13:31:03.638 INFO  saved ./public/snapshots/24h.vn.png 
13:31:03.773 ERROR    error:RequestError: Error [ERR_TLS_CERT_ALTNAME_INVALID]: Hostname/IP does not match certificate's altnames: Host: 24h.vn. is not in the cert's altnames: DNS:*.24h.com.vn, DNS:24h.com.vn, DNS:ads.cms2017.24h.com.vn, DNS:article.cms2017.24h.com.vn, DNS:cate.cms2017.24h.com.vn, DNS:log.cms2017.24h.com.vn, DNS:pr.cms2017.24h.com.vn, DNS:seo.cms2017.24h.com.vn, DNS:statistic.cms2017.24h.com.vn, DNS:topic.cms2017.24h.com.vn, DNS:uploadimg.cms2017.24h.com.vn, DNS:uploadvideo.cms2017.24h.com.vn, DNS:user.cms2017.24h.com.vn, DNS:beta.ipad.24h.com.vn, DNS:beta.m.24h.com.vn, DNS:cron.m.24h.com.vn, DNS:dfp.ipad.24h.com.vn, DNS:dfp.m.24h.com.vn, DNS:kpt.ipad.24h.com.vn, DNS:kpt.m.24h.com.vn, DNS:mst.livescore.24h.com.vn, DNS:test.ipad.24h.com.vn, DNS:test.livescore.24h.com.vn, DNS:test.m.24h.com.vn, DNS:test.mst.24h.com.vn, DNS:us.ipad.24h.com.vn, DNS:us.m.24h.com.vn, DNS:us1.ipad.24h.com.vn, DNS:us1.m.24h.com.vn, DNS:us2.ipad.24h.com.vn, DNS:us2.m.24h.com.vn, DNS:www.ipad.24h.com.vn, DNS:www.m.24h.com.vn, DNS:mst.ketquaxoso.24h.com.vn, DNS:www.livescore.24h.com.vn, DNS:www1.livescore.24h.com.vn, DNS:www2.livescore.24h.com.vn, DNS:m.ketquaxoso.24h.com.vn, DNS:www.ketquaxoso.24h.com.vn 
13:31:53.848 INFO  Extracting content from https://24h.vn 
13:31:56.930 INFO  saved ./public/snapshots/24h.vn.png 
13:31:57.059 ERROR    error:RequestError: Error [ERR_TLS_CERT_ALTNAME_INVALID]: Hostname/IP does not match certificate's altnames: Host: 24h.vn. is not in the cert's altnames: DNS:*.24h.com.vn, DNS:24h.com.vn, DNS:ads.cms2017.24h.com.vn, DNS:article.cms2017.24h.com.vn, DNS:cate.cms2017.24h.com.vn, DNS:log.cms2017.24h.com.vn, DNS:pr.cms2017.24h.com.vn, DNS:seo.cms2017.24h.com.vn, DNS:statistic.cms2017.24h.com.vn, DNS:topic.cms2017.24h.com.vn, DNS:uploadimg.cms2017.24h.com.vn, DNS:uploadvideo.cms2017.24h.com.vn, DNS:user.cms2017.24h.com.vn, DNS:beta.ipad.24h.com.vn, DNS:beta.m.24h.com.vn, DNS:cron.m.24h.com.vn, DNS:dfp.ipad.24h.com.vn, DNS:dfp.m.24h.com.vn, DNS:kpt.ipad.24h.com.vn, DNS:kpt.m.24h.com.vn, DNS:mst.livescore.24h.com.vn, DNS:test.ipad.24h.com.vn, DNS:test.livescore.24h.com.vn, DNS:test.m.24h.com.vn, DNS:test.mst.24h.com.vn, DNS:us.ipad.24h.com.vn, DNS:us.m.24h.com.vn, DNS:us1.ipad.24h.com.vn, DNS:us1.m.24h.com.vn, DNS:us2.ipad.24h.com.vn, DNS:us2.m.24h.com.vn, DNS:www.ipad.24h.com.vn, DNS:www.m.24h.com.vn, DNS:mst.ketquaxoso.24h.com.vn, DNS:www.livescore.24h.com.vn, DNS:www1.livescore.24h.com.vn, DNS:www2.livescore.24h.com.vn, DNS:m.ketquaxoso.24h.com.vn, DNS:www.ketquaxoso.24h.com.vn 
13:32:17.880 INFO  Extracting content from https://24h.vn 
13:32:21.866 INFO  saved ./public/snapshots/24h.vn.png 
13:32:22.005 ERROR    error:RequestError: Error [ERR_TLS_CERT_ALTNAME_INVALID]: Hostname/IP does not match certificate's altnames: Host: 24h.vn. is not in the cert's altnames: DNS:*.24h.com.vn, DNS:24h.com.vn, DNS:ads.cms2017.24h.com.vn, DNS:article.cms2017.24h.com.vn, DNS:cate.cms2017.24h.com.vn, DNS:log.cms2017.24h.com.vn, DNS:pr.cms2017.24h.com.vn, DNS:seo.cms2017.24h.com.vn, DNS:statistic.cms2017.24h.com.vn, DNS:topic.cms2017.24h.com.vn, DNS:uploadimg.cms2017.24h.com.vn, DNS:uploadvideo.cms2017.24h.com.vn, DNS:user.cms2017.24h.com.vn, DNS:beta.ipad.24h.com.vn, DNS:beta.m.24h.com.vn, DNS:cron.m.24h.com.vn, DNS:dfp.ipad.24h.com.vn, DNS:dfp.m.24h.com.vn, DNS:kpt.ipad.24h.com.vn, DNS:kpt.m.24h.com.vn, DNS:mst.livescore.24h.com.vn, DNS:test.ipad.24h.com.vn, DNS:test.livescore.24h.com.vn, DNS:test.m.24h.com.vn, DNS:test.mst.24h.com.vn, DNS:us.ipad.24h.com.vn, DNS:us.m.24h.com.vn, DNS:us1.ipad.24h.com.vn, DNS:us1.m.24h.com.vn, DNS:us2.ipad.24h.com.vn, DNS:us2.m.24h.com.vn, DNS:www.ipad.24h.com.vn, DNS:www.m.24h.com.vn, DNS:mst.ketquaxoso.24h.com.vn, DNS:www.livescore.24h.com.vn, DNS:www1.livescore.24h.com.vn, DNS:www2.livescore.24h.com.vn, DNS:m.ketquaxoso.24h.com.vn, DNS:www.ketquaxoso.24h.com.vn 
13:33:00.069 INFO  Extracting content from https://24h.vn 
13:33:03.942 INFO  saved ./public/snapshots/24h.vn.png 
13:33:14.918 INFO  Extracting content from http://vnexpress.net 
13:33:19.970 INFO  saved ./public/snapshots/vnexpress.net.png 
13:36:07.795 INFO  Extracting content from https://24h.vn 
13:36:11.275 INFO  saved ./public/snapshots/24h.vn.png 
13:36:23.483 INFO  Extracting content from https://24h.vn 
13:36:27.428 INFO  saved ./public/snapshots/24h.vn.png 
13:36:51.523 INFO  Extracting content from https://vnexpress.net 
13:36:56.632 INFO  saved ./public/snapshots/vnexpress.net.png 
13:37:29.421 INFO  Extracting content from https://vnexpress.net 
13:37:34.560 INFO  saved ./public/snapshots/vnexpress.net.png 
13:38:21.100 INFO  Extracting content from https://vnexpress.net 
13:38:26.237 INFO  saved ./public/snapshots/vnexpress.net.png 
13:38:48.764 INFO  Extracting content from https://24h.vn 
13:38:58.264 INFO  saved ./public/snapshots/24h.vn.png 
